c:\users\大村　仁人\desktop\gp12\gp_3d_mods\sample10_bullet\x64\debug\vc142.pdb
c:\users\大村　仁人\desktop\gp12\gp_3d_mods\sample10_bullet\x64\debug\vc142.idb
c:\users\大村　仁人\desktop\gp12\gp_3d_mods\sample10_bullet\x64\debug\tree.obj
c:\users\大村　仁人\desktop\gp12\gp_3d_mods\sample10_bullet\x64\debug\shadow.obj
c:\users\大村　仁人\desktop\gp12\gp_3d_mods\sample10_bullet\x64\debug\renderer.obj
c:\users\大村　仁人\desktop\gp12\gp_3d_mods\sample10_bullet\x64\debug\player.obj
c:\users\大村　仁人\desktop\gp12\gp_3d_mods\sample10_bullet\x64\debug\model.obj
c:\users\大村　仁人\desktop\gp12\gp_3d_mods\sample10_bullet\x64\debug\meshwall.obj
c:\users\大村　仁人\desktop\gp12\gp_3d_mods\sample10_bullet\x64\debug\meshfield.obj
c:\users\大村　仁人\desktop\gp12\gp_3d_mods\sample10_bullet\x64\debug\main.obj
c:\users\大村　仁人\desktop\gp12\gp_3d_mods\sample10_bullet\x64\debug\light.obj
c:\users\大村　仁人\desktop\gp12\gp_3d_mods\sample10_bullet\x64\debug\input.obj
c:\users\大村　仁人\desktop\gp12\gp_3d_mods\sample10_bullet\x64\debug\enemy.obj
c:\users\大村　仁人\desktop\gp12\gp_3d_mods\sample10_bullet\x64\debug\debugproc.obj
c:\users\大村　仁人\desktop\gp12\gp_3d_mods\sample10_bullet\x64\debug\collision.obj
c:\users\大村　仁人\desktop\gp12\gp_3d_mods\sample10_bullet\x64\debug\camera.obj
c:\users\大村　仁人\desktop\gp12\gp_3d_mods\sample10_bullet\x64\debug\bullet.obj
c:\users\大村　仁人\desktop\gp12\gp_3d_mods\sample10_bullet\x64\debug\sprite.obj
c:\users\大村　仁人\desktop\gp12\gp_3d_mods\sample10_bullet\x64\debug\score.obj
c:\users\大村　仁人\desktop\gp12\gp_3d_mods\sample10_bullet\x64\debug\sample.exe
c:\users\大村　仁人\desktop\gp12\gp_3d_mods\sample10_bullet\x64\debug\sample.ilk
c:\users\大村　仁人\desktop\gp12\gp_3d_mods\sample10_bullet\x64\debug\sample.pdb
c:\users\大村　仁人\desktop\gp12\gp_3d_mods\sample10_bullet\x64\debug\sample.tlog\cl.command.1.tlog
c:\users\大村　仁人\desktop\gp12\gp_3d_mods\sample10_bullet\x64\debug\sample.tlog\cl.read.1.tlog
c:\users\大村　仁人\desktop\gp12\gp_3d_mods\sample10_bullet\x64\debug\sample.tlog\cl.write.1.tlog
c:\users\大村　仁人\desktop\gp12\gp_3d_mods\sample10_bullet\x64\debug\sample.tlog\link.command.1.tlog
c:\users\大村　仁人\desktop\gp12\gp_3d_mods\sample10_bullet\x64\debug\sample.tlog\link.read.1.tlog
c:\users\大村　仁人\desktop\gp12\gp_3d_mods\sample10_bullet\x64\debug\sample.tlog\link.write.1.tlog
